c:\users\tyson\documents\github\worldsparticle\wp_proto\x64\debug\vc120.pdb
c:\users\tyson\documents\github\worldsparticle\wp_proto\x64\debug\tools.obj
c:\users\tyson\documents\github\worldsparticle\wp_proto\x64\debug\tabwidget.obj
c:\users\tyson\documents\github\worldsparticle\wp_proto\x64\debug\model.obj
c:\users\tyson\documents\github\worldsparticle\wp_proto\x64\debug\mainwindow.obj
c:\users\tyson\documents\github\worldsparticle\wp_proto\x64\debug\main.obj
c:\users\tyson\documents\github\worldsparticle\wp_proto\x64\debug\moc_tabwidget.obj
c:\users\tyson\documents\github\worldsparticle\wp_proto\x64\debug\moc_mainwindow.obj
c:\users\tyson\documents\github\worldsparticle\wp_proto\debug\moc_mainwindow.cpp
c:\users\tyson\documents\github\worldsparticle\wp_proto\debug\moc_tabwidget.cpp
c:\users\tyson\documents\github\worldsparticle\wp_proto\generatedfiles\ui_mainwindow.h
c:\users\tyson\documents\github\worldsparticle\wp_proto\generatedfiles\ui_tabwidget.h
c:\users\tyson\documents\github\worldsparticle\wp_proto\debug\wp_proto.ilk
c:\users\tyson\documents\github\worldsparticle\wp_proto\debug\wp_proto.exe
c:\users\tyson\documents\github\worldsparticle\wp_proto\debug\wp_proto.pdb
c:\users\tyson\documents\github\worldsparticle\wp_proto\x64\debug\wp_proto.tlog\cl.command.1.tlog
c:\users\tyson\documents\github\worldsparticle\wp_proto\x64\debug\wp_proto.tlog\cl.read.1.tlog
c:\users\tyson\documents\github\worldsparticle\wp_proto\x64\debug\wp_proto.tlog\cl.write.1.tlog
c:\users\tyson\documents\github\worldsparticle\wp_proto\x64\debug\wp_proto.tlog\custombuild.command.1.tlog
c:\users\tyson\documents\github\worldsparticle\wp_proto\x64\debug\wp_proto.tlog\custombuild.read.1.tlog
c:\users\tyson\documents\github\worldsparticle\wp_proto\x64\debug\wp_proto.tlog\custombuild.write.1.tlog
c:\users\tyson\documents\github\worldsparticle\wp_proto\x64\debug\wp_proto.tlog\link.command.1.tlog
c:\users\tyson\documents\github\worldsparticle\wp_proto\x64\debug\wp_proto.tlog\link.read.1.tlog
c:\users\tyson\documents\github\worldsparticle\wp_proto\x64\debug\wp_proto.tlog\link.write.1.tlog
