Build started 21/03/2015 13:39:59.
     1>Project "C:\Users\tyson\Documents\GitHub\worldsparticle\WP_proto\WP_proto.vcxproj" on node 2 (Build target(s)).
     1>CustomBuild:
         Moc'ing mainwindow.h...
         Qt: Untested Windows version 10.0 detected!
       ClCompile:
         C:\Program Files (x86)\Microsoft Visual Studio 12.0\VC\bin\x86_amd64\CL.exe /c /I. /IC:\Qt\5.4\msvc2013_64\include /IC:\Qt\5.4\msvc2013_64\include\QtWidgets /IC:\Qt\5.4\msvc2013_64\include\QtGui /IC:\Qt\5.4\msvc2013_64\include\QtANGLE /IC:\Qt\5.4\msvc2013_64\include\QtCore /Idebug /I. /I"C:\Qt\5.4\msvc2013_64\mkspecs\win32-msvc2013" /I.\GeneratedFiles /Zi /nologo /W3 /WX- /Od /D _WINDOWS /D UNICODE /D WIN32 /D WIN64 /D QT_WIDGETS_LIB /D QT_GUI_LIB /D QT_CORE_LIB /Gm- /EHsc /MDd /GS /fp:precise /Zc:wchar_t /Zc:forScope /GR /Fo"x64\Debug\\" /Fd"x64\Debug\vc120.pdb" /Gd /TP /errorReport:prompt -Zm200 -w34100 -w34189 Debug\moc_mainwindow.cpp main.cpp mainwindow.cpp
         moc_mainwindow.cpp
         main.cpp
         mainwindow.cpp
         Generating Code...
       Link:
         C:\Program Files (x86)\Microsoft Visual Studio 12.0\VC\bin\x86_amd64\link.exe /ERRORREPORT:PROMPT /OUT:"debug\\WP_proto.exe" /NOLOGO /LIBPATH:C:\Qt\5.4\msvc2013_64\lib /LIBPATH:C:\Qt\5.4\msvc2013_64\lib /LIBPATH:C:\Qt\5.4\msvc2013_64\lib C:\Qt\5.4\msvc2013_64\lib\qtmaind.lib shell32.lib C:\Qt\5.4\msvc2013_64\lib\Qt5Cored.lib C:\Qt\5.4\msvc2013_64\lib\Qt5Widgetsd.lib C:\Qt\5.4\msvc2013_64\lib\Qt5Guid.lib C:\Qt\5.4\msvc2013_64\lib\Qt5Cored.lib kernel32.lib user32.lib gdi32.lib winspool.lib comdlg32.lib advapi32.lib shell32.lib ole32.lib oleaut32.lib uuid.lib odbc32.lib odbccp32.lib /MANIFEST /MANIFESTUAC:"level='asInvoker' uiAccess='false'" /manifest:embed /DEBUG /PDB:"debug\WP_proto.pdb" /SUBSYSTEM:WINDOWS /TLBID:1 /DYNAMICBASE /NXCOMPAT /MACHINE:X64 "/MANIFESTDEPENDENCY:type='win32' name='Microsoft.Windows.Common-Controls' version='6.0.0.0' publicKeyToken='6595b64144ccf1df' language='*' processorArchitecture='*'" x64\Debug\moc_mainwindow.obj
         x64\Debug\moc_tabwidget.obj
         x64\Debug\main.obj
         x64\Debug\mainwindow.obj
         x64\Debug\model.obj
         x64\Debug\tabwidget.obj
         x64\Debug\tools.obj
         WP_proto.vcxproj -> C:\Users\tyson\Documents\GitHub\worldsparticle\WP_proto\debug\WP_proto.exe
     1>Done Building Project "C:\Users\tyson\Documents\GitHub\worldsparticle\WP_proto\WP_proto.vcxproj" (Build target(s)).

Build succeeded.

Time Elapsed 00:00:02.82
