c:\users\tyson\documents\github\worldsparticle\wp_proto\x64\release\tools.obj
c:\users\tyson\documents\github\worldsparticle\wp_proto\x64\release\tabwidget.obj
c:\users\tyson\documents\github\worldsparticle\wp_proto\x64\release\moc_tabwidget.obj
c:\users\tyson\documents\github\worldsparticle\wp_proto\x64\release\moc_mainwindow.obj
c:\users\tyson\documents\github\worldsparticle\wp_proto\x64\release\model.obj
c:\users\tyson\documents\github\worldsparticle\wp_proto\x64\release\mainwindow.obj
c:\users\tyson\documents\github\worldsparticle\wp_proto\x64\release\main.obj
c:\users\tyson\documents\github\worldsparticle\wp_proto\x64\release\moc_irrlichtwidget.obj
c:\users\tyson\documents\github\worldsparticle\wp_proto\x64\release\irrlichtwidget.obj
c:\users\tyson\documents\github\worldsparticle\wp_proto\x64\release\vc120.pdb
c:\users\tyson\documents\github\worldsparticle\wp_proto\release\moc_mainwindow.cpp
c:\users\tyson\documents\github\worldsparticle\wp_proto\release\moc_irrlichtwidget.cpp
c:\users\tyson\documents\github\worldsparticle\wp_proto\release\moc_tabwidget.cpp
c:\users\tyson\documents\github\worldsparticle\wp_proto\generatedfiles\ui_mainwindow.h
c:\users\tyson\documents\github\worldsparticle\wp_proto\generatedfiles\ui_tabwidget.h
c:\users\tyson\documents\github\worldsparticle\wp_proto\release\wp_proto.exe
c:\users\tyson\documents\github\worldsparticle\wp_proto\x64\release\wp_proto.tlog\cl.command.1.tlog
c:\users\tyson\documents\github\worldsparticle\wp_proto\x64\release\wp_proto.tlog\cl.read.1.tlog
c:\users\tyson\documents\github\worldsparticle\wp_proto\x64\release\wp_proto.tlog\cl.write.1.tlog
c:\users\tyson\documents\github\worldsparticle\wp_proto\x64\release\wp_proto.tlog\custombuild.command.1.tlog
c:\users\tyson\documents\github\worldsparticle\wp_proto\x64\release\wp_proto.tlog\custombuild.read.1.tlog
c:\users\tyson\documents\github\worldsparticle\wp_proto\x64\release\wp_proto.tlog\custombuild.write.1.tlog
c:\users\tyson\documents\github\worldsparticle\wp_proto\x64\release\wp_proto.tlog\link.command.1.tlog
c:\users\tyson\documents\github\worldsparticle\wp_proto\x64\release\wp_proto.tlog\link.read.1.tlog
c:\users\tyson\documents\github\worldsparticle\wp_proto\x64\release\wp_proto.tlog\link.write.1.tlog
