19:55:56: Creating resource group General
19:55:56: Creating resource group Internal
19:55:56: Creating resource group Autodetect
19:55:56: SceneManagerFactory for type 'DefaultSceneManager' registered.
19:55:56: Registering ResourceManager for type Material
19:55:56: Registering ResourceManager for type Mesh
19:55:56: Registering ResourceManager for type Skeleton
19:55:56: MovableObjectFactory for type 'ParticleSystem' registered.
19:55:56: OverlayElementFactory for type Panel registered.
19:55:56: OverlayElementFactory for type BorderPanel registered.
19:55:56: OverlayElementFactory for type TextArea registered.
19:55:56: Registering ResourceManager for type Font
19:55:56: ArchiveFactory for archive type FileSystem registered.
19:55:56: ArchiveFactory for archive type Zip registered.
19:55:56: ArchiveFactory for archive type EmbeddedZip registered.
19:55:56: DDS codec registering
19:55:56: FreeImage version: 3.15.4
19:55:56: This program uses FreeImage, a free, open source image library supporting all common bitmap formats. See http://freeimage.sourceforge.net for details
19:55:56: Supported formats: bmp,ico,koa,iff,lbm,pbm,pbm,pcd,pcx,pgm,pgm,ppm,ppm,ras,tga,targa,wap,wbmp,wbm,psd,cut,xbm,xpm,dds,gif,hdr,sgi,pfm
19:55:56: Registering ResourceManager for type HighLevelGpuProgram
19:55:56: Registering ResourceManager for type Compositor
19:55:56: MovableObjectFactory for type 'Entity' registered.
19:55:56: MovableObjectFactory for type 'Light' registered.
19:55:56: MovableObjectFactory for type 'BillboardSet' registered.
19:55:56: MovableObjectFactory for type 'ManualObject' registered.
19:55:56: MovableObjectFactory for type 'BillboardChain' registered.
19:55:56: MovableObjectFactory for type 'RibbonTrail' registered.
19:55:56: OGRE EXCEPTION(6:FileNotFoundException): 'plugins.cfg' file not found! in ConfigFile::load at /var/tmp/portage/dev-games/ogre-1.8.1/work/ogre_src_v1-8-1/OgreMain/src/OgreConfigFile.cpp (line 88)
19:55:56: plugins.cfg not found, automatic plugin loading disabled.
19:55:56: *-*-* OGRE Initialising
19:55:56: *-*-* Version 1.8.1 (Byatis)
19:55:56: OGRE EXCEPTION(6:FileNotFoundException): 'resources.cfg' file not found! in ConfigFile::load at /var/tmp/portage/dev-games/ogre-1.8.1/work/ogre_src_v1-8-1/OgreMain/src/OgreConfigFile.cpp (line 88)
19:55:56: *-*-* OGRE Shutdown
19:55:56: Unregistering ResourceManager for type Compositor
19:55:56: Unregistering ResourceManager for type Font
19:55:56: Unregistering ResourceManager for type Skeleton
19:55:56: Unregistering ResourceManager for type Mesh
19:55:56: Unregistering ResourceManager for type HighLevelGpuProgram
19:55:56: Unregistering ResourceManager for type Material
